<?xml version="1.0" encoding="UTF-8"?>
<testsuite name="com.schehata.oas3.test.DocumentTest" tests="1" skipped="0" failures="0" errors="0" timestamp="2019-06-22T11:50:47" hostname="Islams-MBP" time="0.172">
  <properties/>
  <testcase name="Create Document" classname="com.schehata.oas3.test.DocumentTest" time="0.172"/>
  <system-out><![CDATA[---
openapi: "3"
info:
  title: "OpenAPI 3 Spec"
  termsOfService: ""
  contact:
    name: "Islam Shehata"
    email: "schehata@icloud.com"
  license:
    name: "GPL 3"
  version: "1.0.0"
servers:
- url: "api.schehata.com"
  description: "server description"
  variables: {}
- url: "sandbox.schehata.com"
  description: "Testing Server"
  variables: {}
paths:
  /status:
    get:
      tags:
      - "tag1"
      - "tag2"
      summary: "GET request"
      description: "TOO much to write for a desc"
      externalDocs: []
      operationId: "as"
      responses: []
      callbacks: {}
      deprecated: true
      servers: []
    post:
      tags:
      - "tag1"
      summary: "GET request"
      description: "TOO much to write for a desc"
      externalDocs: []
      operationId: "as"
      responses: []
      callbacks: {}
      deprecated: false
      servers: []
    servers: []

{
  "openapi" : "3",
  "info" : {
    "title" : "OpenAPI 3 Spec",
    "termsOfService" : "",
    "contact" : {
      "name" : "Islam Shehata",
      "email" : "schehata@icloud.com"
    },
    "license" : {
      "name" : "GPL 3"
    },
    "version" : "1.0.0"
  },
  "servers" : [ {
    "url" : "api.schehata.com",
    "description" : "server description",
    "variables" : { }
  }, {
    "url" : "sandbox.schehata.com",
    "description" : "Testing Server",
    "variables" : { }
  } ],
  "paths" : {
    "/status" : {
      "get" : {
        "tags" : [ "tag1", "tag2" ],
        "summary" : "GET request",
        "description" : "TOO much to write for a desc",
        "externalDocs" : [ ],
        "operationId" : "as",
        "responses" : [ ],
        "callbacks" : { },
        "deprecated" : true,
        "servers" : [ ]
      },
      "post" : {
        "tags" : [ "tag1" ],
        "summary" : "GET request",
        "description" : "TOO much to write for a desc",
        "externalDocs" : [ ],
        "operationId" : "as",
        "responses" : [ ],
        "callbacks" : { },
        "deprecated" : false,
        "servers" : [ ]
      },
      "servers" : [ ]
    }
  }
}
]]></system-out>
  <system-err><![CDATA[]]></system-err>
</testsuite>
